17/09/2025 20:19:16-0
Recall-----:   0.74098532      0.01525693      0.00678086      0.00257814      0.00127141      0.00056507      0.00035317      0.00017658      0.00017658      0.00014127      0.0   
Precision--:   0.00061532      0.00050427      0.00054865      0.00138536      0.00816326      0.03232317      0.25640368      0.71418369      0.83319447      0.99975006      0.0   
17/09/2025 20:23:12-10
Recall-----:   0.86930954      0.41183118      0.40384954      0.39971746      0.39717464      0.39517923      0.39355465      0.39159455      0.38912237      0.38550238      0.0   
Precision--:   0.00063455      0.02371339      0.04901646      0.13868653      0.20405534      0.21888051      0.22766694      0.23584966      0.24589908      0.26122385      0.0   
17/09/2025 20:25:56-20
Recall-----:   0.91287302      0.56234033      0.55546529      0.55192183      0.54961445      0.54762493      0.54567072      0.54375183      0.54113838      0.53760668      0.0   
Precision--:   0.00064036      0.04658902      0.09298824      0.23040027      0.31127779      0.32860513      0.33881555      0.34860675      0.36025141      0.3778848      0.0   
17/09/2025 20:28:22-30
Recall-----:   0.93465477      0.63536994      0.62896874      0.62550768      0.62309729      0.62102242      0.61888574      0.61689034      0.61409147      0.61022426      0.0   
Precision--:   0.00064309      0.06799651      0.1319668      0.30083697      0.38850964      0.40667333      0.41743589      0.42775193      0.44002708      0.45841596      0.0   
17/09/2025 20:30:49-40
Recall-----:   0.94772381      0.67792336      0.67184884      0.66835952      0.66585202      0.66364117      0.66144446      0.65928306      0.65643651      0.65230443      0.0   
Precision--:   0.00064469      0.08818506      0.16704924      0.35735786      0.44740389      0.46568858      0.47652342      0.48692667      0.49926669      0.51756991      0.0   
17/09/2025 20:33:15-50
Recall-----:   0.95643651      0.70955324      0.70381423      0.70030019      0.69776914      0.6955324      0.69331332      0.69108246      0.68836305      0.68413679      0.0   
Precision--:   0.00064573      0.10781393      0.19970204      0.40483458      0.49480543      0.51272661      0.52341868      0.53368243      0.54585935      0.56370188      0.0   
17/09/2025 20:40:34-80
Recall-----:   0.97093413      0.75346793      0.74804481      0.74460337      0.74212726      0.73983558      0.73750466      0.73516589      0.73222673      0.72771008      0.0   
Precision--:   0.00064741      0.15993583      0.28019314      0.50610389      0.59072863      0.60697648      0.61671282      0.62603715      0.63698244      0.65279728      0.0   
17/09/2025 20:43:00-90
Recall-----:   0.97383719      0.76293837      0.75767967      0.75429278      0.75183825      0.74959562      0.74729648      0.74493378      0.74197775      0.73750662      0.0   
Precision--:   0.00064774      0.17603018      0.30353325      0.53230417      0.61466655      0.63036034      0.63977033      0.64878565      0.65935932      0.67460176      0.0   
17/09/2025 20:45:27-100
Recall-----:   0.97621562      0.77559918      0.77058417      0.76732217      0.76496235      0.7627727      0.76053168      0.75825213      0.7553754      0.75103462      0.0   
Precision--:   0.00064802      0.19210344      0.32572348      0.55432781      0.63345022      0.64842831      0.65745482      0.66606406      0.67619231      0.69071297      0.0   
17/09/2025 20:50:20-120
Recall-----:   0.97987476      0.78856817      0.78376506      0.7805974      0.77828006      0.77617463      0.77399312      0.77171654      0.76888846      0.76457436      0.0   
Precision--:   0.00064844      0.22120764      0.36467656      0.59230079      0.66641931      0.68033823      0.68874379      0.69674493      0.70618118      0.71966185      0.0   
17/09/2025 20:52:46-130
Recall-----:   0.98131228      0.7962236      0.79158447      0.78849928      0.78625665      0.78423097      0.78209177      0.77986428      0.7771146      0.77290431      0.0   
Precision--:   0.0006486      0.23537619      0.38281883      0.6086165      0.6801483      0.69356116      0.70165961      0.70939702      0.7184812      0.73146433      0.0   
17/09/2025 20:55:13-140
Recall-----:   0.98255812      0.80281829      0.79831185      0.79530284      0.79310613      0.79114957      0.78904703      0.78686209      0.78416622      0.78000118      0.0   
Precision--:   0.00064874      0.24897864      0.3998177      0.62343465      0.69253969      0.70548184      0.71329022      0.72076191      0.72952306      0.74200679      0.0   
17/09/2025 21:04:58-180
Recall-----:   0.98622638      0.81972546      0.81558593      0.81279218      0.81073636      0.80885526      0.80690354      0.80484214      0.80228073      0.79831965      0.0   
Precision--:   0.00064916      0.29781964      0.45769025      0.67065437      0.73153281      0.74285909      0.74975474      0.75638175      0.76413675      0.77509357      0.0   
17/09/2025 21:12:17-210
Recall-----:   0.9881046      0.83122181      0.82739634      0.8248182      0.82289503      0.82115486      0.81936494      0.81740805      0.81501934      0.81132872      0.0   
Precision--:   0.00064937      0.33016848      0.49286017      0.6954302      0.75070808      0.76098395      0.76728356      0.77331661      0.78039258      0.79040537      0.0   
17/09/2025 21:17:09-230
Recall-----:   0.98909588      0.83705633      0.83338631      0.83090676      0.82906292      0.82738684      0.82566808      0.82377862      0.82146094      0.81791306      0.0   
Precision--:   0.00064949      0.34998763      0.51368671      0.70992957      0.7621489      0.77186092      0.77785079      0.78359674      0.7902939      0.79978963      0.0   
17/09/2025 21:29:20-280
Recall-----:   0.99097469      0.84783014      0.84446894      0.84222083      0.84053536      0.83899237      0.83739336      0.83567014      0.8335292      0.83030196      0.0   
Precision--:   0.0006497      0.39424006      0.55808243      0.73966246      0.78559932      0.79414643      0.79945425      0.80456193      0.8105282      0.81896401      0.0   
17/09/2025 21:46:24-350
Recall-----:   0.99272667      0.86176153      0.85875566      0.85675535      0.85524359      0.85386525      0.85239861      0.85082995      0.84889929      0.84598171      0.0   
Precision--:   0.00064989      0.4457351      0.60513954      0.76706973      0.80595594      0.8132673      0.81785246      0.82228309      0.82746226      0.83476568      0.0   
17/09/2025 22:01:02-410
Recall-----:   0.99376571      0.86841906      0.86562145      0.86375974      0.86234286      0.86103781      0.85967054      0.85819312      0.8563785      0.853612      0.0   
Precision--:   0.00065001      0.4823489      0.6369171      0.78542826      0.81999018      0.82652107      0.83066505      0.83466489      0.83934361      0.84591982      0.0   
17/09/2025 22:15:39-470
Recall-----:   0.994545      0.8750721      0.8724638      0.87071267      0.86938534      0.86815954      0.86688519      0.86549385      0.86380526      0.8611918      0.0   
Precision--:   0.00065009      0.51375148      0.66259963      0.79917921      0.83017859      0.83607589      0.83986362      0.84350507      0.84776281      0.85376115      0.0   
17/09/2025 22:20:31-490
Recall-----:   0.9947632      0.87711178      0.87456331      0.87285255      0.87154582      0.87034858      0.86910401      0.8677443      0.86608653      0.86351969      0.0   
Precision--:   0.00065012      0.5232237      0.6700959      0.80305446      0.83301727      0.83873181      0.84240989      0.84595182      0.85009283      0.85592324      0.0   
17/09/2025 22:30:16-530
Recall-----:   0.99515046      0.88006684      0.87761427      0.87597138      0.8747124      0.87356198      0.87235074      0.87103943      0.86944166      0.86696817      0.0   
Precision--:   0.00065016      0.54092913      0.68401999      0.81044944      0.8385865      0.84397769      0.84745544      0.8508077      0.85472418      0.8602544      0.0   
17/09/2025 22:40:00-570
Recall-----:   0.99548369      0.8830302      0.88067005      0.87909296      0.8778727      0.87676448      0.87558867      0.87432456      0.87278401      0.87039646      0.0   
Precision--:   0.0006502      0.55705969      0.69631008      0.8166901      0.84318558      0.84828247      0.85157781      0.85476552      0.8584885      0.86374013      0.0   
17/09/2025 22:54:37-630
Recall-----:   0.99590544      0.8865652      0.88431871      0.88280781      0.88163738      0.88056849      0.87944883      0.87823537      0.87675757      0.87445259      0.0   
Precision--:   0.00065025      0.57899534      0.71281366      0.82526905      0.8496729      0.85439986      0.85747167      0.86045235      0.86392475      0.86882585      0.0   
17/09/2025 22:57:03-640
Recall-----:   0.99596789      0.88712805      0.88490308      0.88340401      0.88224344      0.88117959      0.88007226      0.87886986      0.87740176      0.87511376      0.0   
Precision--:   0.00065026      0.58245428      0.71541395      0.82666791      0.85076138      0.8554317      0.85847051      0.86141847      0.86485334      0.86970315      0.0   
17/09/2025 23:21:24-740
Recall-----:   0.99650268      0.89212691      0.89006251      0.8886762      0.88759644      0.88660192      0.88556878      0.88444947      0.88306975      0.8809319      0.0   
Precision--:   0.00065033      0.6131348      0.73759769      0.8378551      0.85918767      0.86336144      0.86609851      0.86875953      0.87187623      0.87626673      0.0   
17/09/2025 23:45:45-840
Recall-----:   0.99691288      0.89582948      0.89388123      0.89257783      0.89155488      0.89061877      0.88965441      0.88859947      0.88729067      0.88526306      0.0   
Precision--:   0.00065038      0.63862634      0.75538068      0.84660302      0.86574625      0.86952954      0.87203455      0.87447432      0.87733939      0.88135755      0.0   
17/09/2025 23:50:37-860
Recall-----:   0.99698385      0.89680869      0.89488655      0.89360458      0.89259095      0.89166743      0.89071468      0.88967303      0.88838579      0.88638165      0.0   
Precision--:   0.00065038      0.6432122      0.7584666      0.84802138      0.86677733      0.87049315      0.87295997      0.87536252      0.87818406      0.88213963      0.0   
17/09/2025 23:57:56-890
Recall-----:   0.99708321      0.89781898      0.89593227      0.8946691      0.89366845      0.89276041      0.89182648      0.89080464      0.88954343      0.88756921      0.0   
Precision--:   0.00065039      0.64997578      0.7631547      0.85042409      0.86864781      0.87226868      0.87467888      0.87703115      0.87979486      0.8836571      0.0   
18/09/2025 00:10:06-940
Recall-----:   0.99723673      0.89903882      0.89719527      0.89595844      0.89497365      0.89408924      0.89317769      0.89216911      0.89093599      0.88900137      0.0   
Precision--:   0.00065041      0.6605181      0.77040265      0.85414482      0.87154433      0.8750201      0.87734012      0.87960609      0.88227762      0.8859945      0.0   
18/09/2025 00:24:43-1000
Recall-----:   0.99740088      0.90043447      0.89864065      0.89743882      0.89647897      0.89561143      0.89472011      0.89374068      0.8925427      0.89065516      0.0   
Precision--:   0.00065043      0.67215512      0.77829793      0.85815728      0.87466148      0.87798038      0.88020654      0.88238038      0.8849502      0.8885235      0.0   
18/09/2025 00:41:46-1070
Recall-----:   0.99756869      0.90221614      0.90047939      0.89931524      0.89838785      0.89754939      0.89668576      0.8957358      0.89457132      0.89274858      0.0   
Precision--:   0.00065045      0.68435263      0.78631619      0.86199651      0.87755425      0.88070325      0.88282453      0.88490262      0.88734897      0.89076607      0.0   
18/09/2025 00:56:23-1130
Recall-----:   0.99769634      0.90372005      0.90203135      0.9008947      0.89999225      0.89916943      0.89832585      0.89740172      0.89626693      0.89449427      0.0   
Precision--:   0.00065047      0.69416416      0.79283925      0.86531757      0.88015842      0.88318009      0.88522455      0.88723289      0.88959123      0.89289515      0.0   
