17/12/2025 20:17:43-0
Recall-----:   0.63253077      0.56833147      0.55982746      0.55216187      0.54305898      0.53215948      0.51670853      0.46712176      0.33836384      0.19726911      0.0   
Precision--:   0.00053475      0.0006037      0.00061305      0.00061931      0.00062373      0.00062585      0.00062535      0.00064002      0.00090395      0.00063528      0.0   
17/12/2025 20:18:27-10
Recall-----:   0.81626537      0.51161813      0.49880222      0.489879      0.48101566      0.47209244      0.46065394      0.4318481      0.36285781      0.28422564      0.0   
Precision--:   0.00057029      0.00108614      0.00109169      0.00109816      0.0011042      0.00110966      0.00111426      0.00118251      0.00193607      0.00182773      0.0   
17/12/2025 20:19:12-20
Recall-----:   0.87751025      0.6104124      0.59899387      0.59140813      0.58362277      0.57607695      0.56677444      0.54513512      0.49618715      0.44041201      0.0   
Precision--:   0.00057954      0.00194098      0.00196364      0.00198583      0.00200679      0.00202828      0.00205353      0.00223558      0.00395951      0.00423367      0.0   
17/12/2025 20:20:42-40
Recall-----:   0.92650615      0.70626421      0.69622708      0.68987901      0.68333931      0.67732661      0.66997244      0.655312      0.62388308      0.58718408      0.0   
Precision--:   0.00058624      0.00373164      0.00379255      0.00384918      0.00390427      0.00396251      0.00403325      0.00446372      0.00824349      0.00933586      0.0   
17/12/2025 20:22:12-60
Recall-----:   0.94750439      0.74695001      0.73820644      0.73238881      0.72670806      0.72162619      0.715569      0.70439572      0.68059476      0.6523279      0.0   
Precision--:   0.00058895      0.00551172      0.00561588      0.00570674      0.00579834      0.00589535      0.00601529      0.00669789      0.01252062      0.01442591      0.0   
17/12/2025 20:23:42-80
Recall-----:   0.95915677      0.76586683      0.75798831      0.75263836      0.74752797      0.74290999      0.73730719      0.72815107      0.70873424      0.68540476      0.0   
Precision--:   0.00059044      0.00725026      0.00739766      0.00752336      0.00765131      0.00778543      0.00795027      0.00887862      0.01667947      0.01937268      0.0   
17/12/2025 20:27:26-130
Recall-----:   0.97370942      0.80388583      0.79749499      0.79311465      0.78905942      0.78541484      0.78091473      0.7741389      0.76057868      0.74358776      0.0   
Precision--:   0.0005922      0.01176824      0.01203482      0.01225753      0.01248574      0.01272321      0.01301455      0.01457788      0.02746343      0.03216654      0.0   
17/12/2025 20:29:40-160
Recall-----:   0.97820098      0.81313718      0.80722594      0.80307609      0.7993983      0.79607983      0.79203567      0.78614557      0.77449923      0.75968238      0.0   
Precision--:   0.00059267      0.0144063      0.01474183      0.01501927      0.01530626      0.01560381      0.01597029      0.01790311      0.03369664      0.03954006      0.0   
17/12/2025 20:37:13-260
Recall-----:   0.9858089      0.83483495      0.82997742      0.82660598      0.82366484      0.82105641      0.81781362      0.81342631      0.80530824      0.7946261      0.0   
Precision--:   0.00059339      0.02321976      0.02379037      0.02425959      0.02474328      0.02524351      0.02585832      0.0290032      0.0541665      0.06362992      0.0   
17/12/2025 20:37:58-270
Recall-----:   0.98617884      0.83639187      0.83159659      0.82829851      0.82543247      0.82284876      0.81966617      0.81536711      0.8074748      0.79709289      0.0   
Precision--:   0.00059338      0.02409769      0.02469162      0.02518053      0.02568453      0.02620416      0.02684379      0.0301076      0.05617829      0.06598925      0.0   
17/12/2025 20:39:29-290
Recall-----:   0.98704435      0.83929412      0.83463488      0.83145287      0.8286701      0.82617878      0.82309658      0.81898031      0.8114864      0.801593      0.0   
Precision--:   0.00059348      0.02585082      0.02649154      0.02701911      0.02756181      0.02812158      0.02881028      0.03231132      0.06017668      0.07066753      0.0   
17/12/2025 20:40:15-300
Recall-----:   0.9874275      0.84044061      0.83587372      0.83275184      0.83002793      0.82756675      0.82452215      0.82047299      0.81312809      0.80344178      0.0   
Precision--:   0.00059352      0.02671987      0.02738465      0.02793158      0.02849415      0.02907342      0.02978615      0.03340393      0.06215115      0.07297411      0.0   
17/12/2025 20:56:12-510
Recall-----:   0.99154666      0.85399679      0.85018242      0.84768788      0.84558952      0.84361324      0.84127763      0.83826022      0.83307766      0.8263265      0.0   
Precision--:   0.00059369      0.04449952      0.04562909      0.04655907      0.04751446      0.04849023      0.04969665      0.05563834      0.10134533      0.11836887      0.0   
17/12/2025 21:00:41-570
Recall-----:   0.99223116      0.85533266      0.85166301      0.8492799      0.84727471      0.84536451      0.84312389      0.84025343      0.83538189      0.82903796      0.0   
Precision--:   0.00059375      0.04939657      0.05065252      0.05168587      0.05274581      0.05382666      0.0551634      0.06171857      0.11174443      0.13026966      0.0   
17/12/2025 21:05:55-640
Recall-----:   0.99251499      0.8567272      0.8532353      0.85093931      0.84901186      0.84718391      0.84506113      0.8423708      0.83787095      0.83195408      0.0   
Precision--:   0.00059359      0.05504184      0.05644528      0.05759555      0.05877423      0.059976      0.06146284      0.06871608      0.12356475      0.14374254      0.0   
17/12/2025 21:46:59-1190
Recall-----:   0.99323172      0.86597796      0.86320318      0.86140156      0.85985048      0.85841717      0.85679023      0.85483092      0.85177766      0.84766339      0.0   
Precision--:   0.00059284      0.0970527      0.09948782      0.10146867      0.10347961      0.10552727      0.10805568      0.12005774      0.20520306      0.23480823      0.0   
